{"/home/yami/apps/REG003-chat-app/src/controllers/authController.ts": {"path":"/home/yami/apps/REG003-chat-app/src/controllers/authController.ts","statementMap":{"0":{"start":{"line":2,"column":0},"end":{"line":2,"column":27}},"1":{"start":{"line":3,"column":0},"end":{"line":3,"column":43}},"2":{"start":{"line":5,"column":0},"end":{"line":5,"column":39}},"3":{"start":{"line":7,"column":31},"end":{"line":13,"column":null}},"4":{"start":{"line":8,"column":26},"end":{"line":10,"column":null}},"5":{"start":{"line":12,"column":2},"end":{"line":12,"column":null}},"6":{"start":{"line":7,"column":13},"end":{"line":7,"column":31}},"7":{"start":{"line":15,"column":22},"end":{"line":64,"column":null}},"8":{"start":{"line":18,"column":4},"end":{"line":64,"column":null}},"9":{"start":{"line":19,"column":2},"end":{"line":63,"column":null}},"10":{"start":{"line":20,"column":17},"end":{"line":20,"column":25}},"11":{"start":{"line":21,"column":4},"end":{"line":29,"column":null}},"12":{"start":{"line":22,"column":6},"end":{"line":28,"column":null}},"13":{"start":{"line":31,"column":4},"end":{"line":39,"column":null}},"14":{"start":{"line":32,"column":6},"end":{"line":38,"column":null}},"15":{"start":{"line":40,"column":17},"end":{"line":40,"column":47}},"16":{"start":{"line":41,"column":19},"end":{"line":41,"column":51}},"17":{"start":{"line":42,"column":18},"end":{"line":42,"column":83}},"18":{"start":{"line":45,"column":4},"end":{"line":52,"column":7}},"19":{"start":{"line":55,"column":4},"end":{"line":55,"column":21}},"20":{"start":{"line":56,"column":4},"end":{"line":62,"column":7}},"21":{"start":{"line":15,"column":13},"end":{"line":15,"column":22}},"22":{"start":{"line":67,"column":22},"end":{"line":122,"column":null}},"23":{"start":{"line":67,"column":60},"end":{"line":122,"column":null}},"24":{"start":{"line":68,"column":2},"end":{"line":121,"column":null}},"25":{"start":{"line":69,"column":17},"end":{"line":69,"column":25}},"26":{"start":{"line":70,"column":17},"end":{"line":70,"column":51}},"27":{"start":{"line":72,"column":4},"end":{"line":80,"column":null}},"28":{"start":{"line":73,"column":6},"end":{"line":79,"column":null}},"29":{"start":{"line":83,"column":19},"end":{"line":83,"column":51}},"30":{"start":{"line":85,"column":28},"end":{"line":87,"column":null}},"31":{"start":{"line":91,"column":4},"end":{"line":99,"column":null}},"32":{"start":{"line":92,"column":6},"end":{"line":98,"column":null}},"33":{"start":{"line":100,"column":18},"end":{"line":100,"column":83}},"34":{"start":{"line":103,"column":4},"end":{"line":110,"column":7}},"35":{"start":{"line":113,"column":4},"end":{"line":113,"column":21}},"36":{"start":{"line":114,"column":4},"end":{"line":120,"column":7}},"37":{"start":{"line":67,"column":13},"end":{"line":67,"column":22}}},"fnMap":{"0":{"name":"(anonymous_14)","decl":{"start":{"line":7,"column":31},"end":{"line":7,"column":46}},"loc":{"start":{"line":7,"column":96},"end":{"line":13,"column":null}}},"1":{"name":"(anonymous_16)","decl":{"start":{"line":15,"column":22},"end":{"line":15,"column":null}},"loc":{"start":{"line":18,"column":4},"end":{"line":64,"column":null}}},"2":{"name":"(anonymous_17)","decl":{"start":{"line":18,"column":4},"end":{"line":18,"column":null}},"loc":{"start":{"line":18,"column":4},"end":{"line":64,"column":1}}},"3":{"name":"(anonymous_18)","decl":{"start":{"line":67,"column":22},"end":{"line":67,"column":29}},"loc":{"start":{"line":67,"column":60},"end":{"line":122,"column":null}}},"4":{"name":"(anonymous_19)","decl":{"start":{"line":67,"column":60},"end":{"line":67,"column":null}},"loc":{"start":{"line":67,"column":60},"end":{"line":122,"column":1}}}},"branchMap":{"0":{"loc":{"start":{"line":21,"column":4},"end":{"line":29,"column":null}},"type":"if","locations":[{"start":{"line":21,"column":4},"end":{"line":29,"column":null}},{"start":{"line":21,"column":4},"end":{"line":29,"column":null}}]},"1":{"loc":{"start":{"line":21,"column":8},"end":{"line":21,"column":22}},"type":"binary-expr","locations":[{"start":{"line":21,"column":8},"end":{"line":21,"column":22}},{"start":{"line":21,"column":26},"end":{"line":21,"column":37}}]},"2":{"loc":{"start":{"line":31,"column":4},"end":{"line":39,"column":null}},"type":"if","locations":[{"start":{"line":31,"column":4},"end":{"line":39,"column":null}},{"start":{"line":31,"column":4},"end":{"line":39,"column":null}}]},"3":{"loc":{"start":{"line":72,"column":4},"end":{"line":80,"column":null}},"type":"if","locations":[{"start":{"line":72,"column":4},"end":{"line":80,"column":null}},{"start":{"line":72,"column":4},"end":{"line":80,"column":null}}]},"4":{"loc":{"start":{"line":91,"column":4},"end":{"line":99,"column":null}},"type":"if","locations":[{"start":{"line":91,"column":4},"end":{"line":99,"column":null}},{"start":{"line":91,"column":4},"end":{"line":99,"column":null}}]}},"s":{"0":1,"1":1,"2":1,"3":1,"4":0,"5":0,"6":1,"7":1,"8":0,"9":0,"10":0,"11":0,"12":0,"13":0,"14":0,"15":0,"16":0,"17":0,"18":0,"19":0,"20":0,"21":1,"22":1,"23":0,"24":0,"25":0,"26":0,"27":0,"28":0,"29":0,"30":0,"31":0,"32":0,"33":0,"34":0,"35":0,"36":0,"37":1},"f":{"0":0,"1":0,"2":0,"3":0,"4":0},"b":{"0":[0,0],"1":[0,0],"2":[0,0],"3":[0,0],"4":[0,0]}}
,"/home/yami/apps/REG003-chat-app/src/database/sequelize.ts": {"path":"/home/yami/apps/REG003-chat-app/src/database/sequelize.ts","statementMap":{"0":{"start":{"line":2,"column":21},"end":{"line":2,"column":41}},"1":{"start":{"line":3,"column":0},"end":{"line":3,"column":null}},"2":{"start":{"line":6,"column":13},"end":{"line":9,"column":3}},"3":{"start":{"line":11,"column":0},"end":{"line":11,"column":null}}},"fnMap":{},"branchMap":{"0":{"loc":{"start":{"line":6,"column":39},"end":{"line":6,"column":63}},"type":"binary-expr","locations":[{"start":{"line":6,"column":39},"end":{"line":6,"column":63}},{"start":{"line":6,"column":67},"end":{"line":6,"column":202}}]}},"s":{"0":1,"1":1,"2":1,"3":1},"f":{},"b":{"0":[1,1]}}
,"/home/yami/apps/REG003-chat-app/src/models/User.ts": {"path":"/home/yami/apps/REG003-chat-app/src/models/User.ts","statementMap":{"0":{"start":{"line":1,"column":0},"end":{"line":1,"column":28}},"1":{"start":{"line":2,"column":0},"end":{"line":2,"column":41}},"2":{"start":{"line":3,"column":0},"end":{"line":3,"column":69}},"3":{"start":{"line":4,"column":0},"end":{"line":4,"column":49}},"4":{"start":{"line":6,"column":30},"end":{"line":14,"column":2}},"5":{"start":{"line":6,"column":62},"end":{"line":14,"column":2}},"6":{"start":{"line":7,"column":22},"end":{"line":7,"column":24}},"7":{"start":{"line":8,"column":2},"end":{"line":13,"column":null}},"8":{"start":{"line":9,"column":27},"end":{"line":9,"column":72}},"9":{"start":{"line":11,"column":4},"end":{"line":11,"column":35}},"10":{"start":{"line":12,"column":4},"end":{"line":12,"column":26}},"11":{"start":{"line":25,"column":68},"end":{"line":80,"column":2}},"12":{"start":{"line":84,"column":2},"end":{"line":84,"column":11}},"13":{"start":{"line":82,"column":0},"end":{"line":82,"column":25}}},"fnMap":{"0":{"name":"(anonymous_8)","decl":{"start":{"line":6,"column":30},"end":{"line":6,"column":37}},"loc":{"start":{"line":6,"column":62},"end":{"line":14,"column":2}}},"1":{"name":"(anonymous_9)","decl":{"start":{"line":6,"column":62},"end":{"line":6,"column":null}},"loc":{"start":{"line":6,"column":62},"end":{"line":14,"column":1}}}},"branchMap":{"0":{"loc":{"start":{"line":8,"column":2},"end":{"line":13,"column":null}},"type":"if","locations":[{"start":{"line":8,"column":2},"end":{"line":13,"column":null}},{"start":{"line":8,"column":2},"end":{"line":13,"column":null}}]}},"s":{"0":1,"1":1,"2":1,"3":1,"4":1,"5":0,"6":0,"7":0,"8":0,"9":0,"10":0,"11":1,"12":1,"13":1},"f":{"0":0,"1":0},"b":{"0":[0,0]}}
,"/home/yami/apps/REG003-chat-app/src/services/user.ts": {"path":"/home/yami/apps/REG003-chat-app/src/services/user.ts","statementMap":{"0":{"start":{"line":1,"column":0},"end":{"line":1,"column":49}},"1":{"start":{"line":4,"column":0},"end":{"line":4,"column":54}},"2":{"start":{"line":11,"column":19},"end":{"line":33,"column":2}},"3":{"start":{"line":11,"column":39},"end":{"line":33,"column":2}},"4":{"start":{"line":12,"column":15},"end":{"line":29,"column":null}},"5":{"start":{"line":13,"column":39},"end":{"line":29,"column":null}},"6":{"start":{"line":16,"column":21},"end":{"line":16,"column":23}},"7":{"start":{"line":18,"column":6},"end":{"line":18,"column":null}},"8":{"start":{"line":19,"column":6},"end":{"line":19,"column":null}},"9":{"start":{"line":20,"column":6},"end":{"line":20,"column":null}},"10":{"start":{"line":21,"column":6},"end":{"line":21,"column":null}},"11":{"start":{"line":23,"column":23},"end":{"line":25,"column":8}},"12":{"start":{"line":26,"column":19},"end":{"line":26,"column":48}},"13":{"start":{"line":28,"column":6},"end":{"line":28,"column":18}},"14":{"start":{"line":32,"column":2},"end":{"line":32,"column":null}},"15":{"start":{"line":49,"column":2},"end":{"line":49,"column":12}},"16":{"start":{"line":35,"column":17},"end":{"line":44,"column":2}},"17":{"start":{"line":35,"column":40},"end":{"line":44,"column":2}},"18":{"start":{"line":36,"column":15},"end":{"line":41,"column":4}},"19":{"start":{"line":43,"column":2},"end":{"line":43,"column":null}},"20":{"start":{"line":50,"column":2},"end":{"line":50,"column":10}}},"fnMap":{"0":{"name":"(anonymous_8)","decl":{"start":{"line":11,"column":19},"end":{"line":11,"column":26}},"loc":{"start":{"line":11,"column":39},"end":{"line":33,"column":2}}},"1":{"name":"(anonymous_9)","decl":{"start":{"line":11,"column":39},"end":{"line":11,"column":null}},"loc":{"start":{"line":11,"column":39},"end":{"line":33,"column":1}}},"2":{"name":"(anonymous_10)","decl":{"start":{"line":13,"column":4},"end":{"line":13,"column":11}},"loc":{"start":{"line":13,"column":39},"end":{"line":29,"column":null}}},"3":{"name":"(anonymous_11)","decl":{"start":{"line":13,"column":39},"end":{"line":13,"column":null}},"loc":{"start":{"line":13,"column":39},"end":{"line":29,"column":5}}},"4":{"name":"(anonymous_12)","decl":{"start":{"line":35,"column":17},"end":{"line":35,"column":24}},"loc":{"start":{"line":35,"column":40},"end":{"line":44,"column":2}}},"5":{"name":"(anonymous_13)","decl":{"start":{"line":35,"column":40},"end":{"line":35,"column":null}},"loc":{"start":{"line":35,"column":40},"end":{"line":44,"column":1}}}},"branchMap":{},"s":{"0":1,"1":1,"2":1,"3":0,"4":0,"5":0,"6":0,"7":0,"8":0,"9":0,"10":0,"11":0,"12":0,"13":0,"14":0,"15":1,"16":1,"17":0,"18":0,"19":0,"20":1},"f":{"0":0,"1":0,"2":0,"3":0,"4":0,"5":0},"b":{}}
,"/home/yami/apps/REG003-chat-app/src/utils/index.ts": {"path":"/home/yami/apps/REG003-chat-app/src/utils/index.ts","statementMap":{"0":{"start":{"line":1,"column":0},"end":{"line":1,"column":30}},"1":{"start":{"line":5,"column":20},"end":{"line":11,"column":1}},"2":{"start":{"line":6,"column":2},"end":{"line":10,"column":4}},"3":{"start":{"line":34,"column":2},"end":{"line":34,"column":13}},"4":{"start":{"line":13,"column":20},"end":{"line":22,"column":1}},"5":{"start":{"line":15,"column":2},"end":{"line":19,"column":null}},"6":{"start":{"line":16,"column":4},"end":{"line":16,"column":69}},"7":{"start":{"line":18,"column":4},"end":{"line":18,"column":null}},"8":{"start":{"line":21,"column":2},"end":{"line":21,"column":null}},"9":{"start":{"line":36,"column":2},"end":{"line":36,"column":13}},"10":{"start":{"line":24,"column":17},"end":{"line":31,"column":1}},"11":{"start":{"line":25,"column":2},"end":{"line":29,"column":null}},"12":{"start":{"line":26,"column":6},"end":{"line":26,"column":53}},"13":{"start":{"line":27,"column":9},"end":{"line":29,"column":null}},"14":{"start":{"line":28,"column":4},"end":{"line":28,"column":38}},"15":{"start":{"line":30,"column":2},"end":{"line":30,"column":12}},"16":{"start":{"line":35,"column":2},"end":{"line":35,"column":10}}},"fnMap":{"0":{"name":"(anonymous_1)","decl":{"start":{"line":5,"column":20},"end":{"line":5,"column":21}},"loc":{"start":{"line":5,"column":79},"end":{"line":11,"column":1}}},"1":{"name":"(anonymous_2)","decl":{"start":{"line":13,"column":20},"end":{"line":13,"column":21}},"loc":{"start":{"line":13,"column":42},"end":{"line":22,"column":1}}},"2":{"name":"(anonymous_3)","decl":{"start":{"line":24,"column":17},"end":{"line":24,"column":18}},"loc":{"start":{"line":24,"column":40},"end":{"line":31,"column":1}}}},"branchMap":{"0":{"loc":{"start":{"line":8,"column":4},"end":{"line":8,"column":26}},"type":"binary-expr","locations":[{"start":{"line":8,"column":4},"end":{"line":8,"column":26}},{"start":{"line":8,"column":30},"end":{"line":8,"column":39}}]},"1":{"loc":{"start":{"line":16,"column":32},"end":{"line":16,"column":54}},"type":"binary-expr","locations":[{"start":{"line":16,"column":32},"end":{"line":16,"column":54}},{"start":{"line":16,"column":58},"end":{"line":16,"column":67}}]},"2":{"loc":{"start":{"line":25,"column":2},"end":{"line":29,"column":null}},"type":"if","locations":[{"start":{"line":25,"column":2},"end":{"line":29,"column":null}},{"start":{"line":25,"column":2},"end":{"line":29,"column":null}}]},"3":{"loc":{"start":{"line":25,"column":6},"end":{"line":25,"column":31}},"type":"binary-expr","locations":[{"start":{"line":25,"column":6},"end":{"line":25,"column":31}},{"start":{"line":25,"column":35},"end":{"line":25,"column":87}}]},"4":{"loc":{"start":{"line":27,"column":9},"end":{"line":29,"column":null}},"type":"if","locations":[{"start":{"line":27,"column":9},"end":{"line":29,"column":null}},{"start":{"line":27,"column":9},"end":{"line":29,"column":null}}]},"5":{"loc":{"start":{"line":27,"column":13},"end":{"line":27,"column":22}},"type":"binary-expr","locations":[{"start":{"line":27,"column":13},"end":{"line":27,"column":22}},{"start":{"line":27,"column":26},"end":{"line":27,"column":41}}]}},"s":{"0":1,"1":1,"2":0,"3":1,"4":1,"5":0,"6":0,"7":0,"8":0,"9":1,"10":1,"11":0,"12":0,"13":0,"14":0,"15":0,"16":1},"f":{"0":0,"1":0,"2":0},"b":{"0":[0,0],"1":[0,0],"2":[0,0],"3":[0,0],"4":[0,0],"5":[0,0]}}
,"/home/yami/apps/REG003-chat-app/src/utils/common/getNewId.ts": {"path":"/home/yami/apps/REG003-chat-app/src/utils/common/getNewId.ts","statementMap":{"0":{"start":{"line":1,"column":0},"end":{"line":1,"column":32}},"1":{"start":{"line":2,"column":0},"end":{"line":6,"column":null}},"2":{"start":{"line":3,"column":13},"end":{"line":3,"column":19}},"3":{"start":{"line":4,"column":26},"end":{"line":4,"column":46}},"4":{"start":{"line":5,"column":2},"end":{"line":5,"column":null}}},"fnMap":{"0":{"name":"(anonymous_0)","decl":{"start":{"line":2,"column":15},"end":{"line":2,"column":18}},"loc":{"start":{"line":2,"column":20},"end":{"line":6,"column":1}}}},"branchMap":{},"s":{"0":1,"1":1,"2":0,"3":0,"4":0},"f":{"0":0},"b":{}}
,"/home/yami/apps/REG003-chat-app/src/utils/common/index.ts": {"path":"/home/yami/apps/REG003-chat-app/src/utils/common/index.ts","statementMap":{"0":{"start":{"line":1,"column":0},"end":{"line":1,"column":7}},"1":{"start":{"line":2,"column":8},"end":{"line":1,"column":35}}},"fnMap":{},"branchMap":{},"s":{"0":1,"1":1},"f":{},"b":{}}
}
